[2019-12-18 21:58:05]: [test_cases.py] [INFO] [15] -----------Get weather and forecasts------------------
[2019-12-18 21:58:05]: [test_cases.py] [INFO] [16] test
[2019-12-18 21:58:06]: [specialvalidation.py] [INFO] [138] -------------------------------------------------------------------------------------------
[2019-12-18 21:58:06]: [specialvalidation.py] [INFO] [139] List of all forecasts greater than 20 degrees in the next 5 days(hour / hour).
[2019-12-18 21:58:06]: [specialvalidation.py] [INFO] [147] {2019-12-18, 21:00:00, 24, 1576702800, Clear, False, 1576607965, 1576659804 }
[2019-12-18 21:58:06]: [specialvalidation.py] [INFO] [147] {2019-12-19, 00:00:00, 38, 1576713600, Clear, False, 1576607965, 1576659804 }
[2019-12-18 21:58:06]: [specialvalidation.py] [INFO] [147] {2019-12-19, 03:00:00, 42, 1576724400, Clouds, False, 1576607965, 1576659804 }
[2019-12-18 21:58:06]: [specialvalidation.py] [INFO] [147] {2019-12-19, 06:00:00, 27, 1576735200, Clouds, False, 1576607965, 1576659804 }
[2019-12-18 21:58:06]: [specialvalidation.py] [INFO] [147] {2019-12-19, 09:00:00, 21, 1576746000, Clear, False, 1576607965, 1576659804 }
[2019-12-18 21:58:06]: [specialvalidation.py] [INFO] [147] {2019-12-19, 21:00:00, 21, 1576789200, Clear, False, 1576607965, 1576659804 }
[2019-12-18 21:58:06]: [specialvalidation.py] [INFO] [147] {2019-12-20, 00:00:00, 25, 1576800000, Clouds, False, 1576607965, 1576659804 }
[2019-12-18 21:58:06]: [specialvalidation.py] [INFO] [147] {2019-12-20, 03:00:00, 27, 1576810800, Clear, False, 1576607965, 1576659804 }
[2019-12-18 21:58:06]: [specialvalidation.py] [INFO] [147] {2019-12-20, 06:00:00, 24, 1576821600, Clouds, False, 1576607965, 1576659804 }
[2019-12-18 21:58:06]: [specialvalidation.py] [INFO] [147] {2019-12-20, 09:00:00, 21, 1576832400, Clouds, False, 1576607965, 1576659804 }
[2019-12-18 21:58:06]: [specialvalidation.py] [INFO] [147] {2019-12-20, 15:00:00, 20, 1576854000, Clouds, False, 1576607965, 1576659804 }
[2019-12-18 21:58:06]: [specialvalidation.py] [INFO] [147] {2019-12-20, 18:00:00, 20, 1576864800, Clouds, False, 1576607965, 1576659804 }
[2019-12-18 21:58:06]: [specialvalidation.py] [INFO] [147] {2019-12-20, 21:00:00, 23, 1576875600, Clouds, False, 1576607965, 1576659804 }
[2019-12-18 21:58:06]: [specialvalidation.py] [INFO] [147] {2019-12-21, 00:00:00, 33, 1576886400, Clouds, False, 1576607965, 1576659804 }
[2019-12-18 21:58:06]: [specialvalidation.py] [INFO] [147] {2019-12-21, 03:00:00, 42, 1576897200, Clear, False, 1576607965, 1576659804 }
[2019-12-18 21:58:06]: [specialvalidation.py] [INFO] [147] {2019-12-21, 06:00:00, 40, 1576908000, Clouds, False, 1576607965, 1576659804 }
[2019-12-18 21:58:06]: [specialvalidation.py] [INFO] [147] {2019-12-21, 09:00:00, 22, 1576918800, Clouds, False, 1576607965, 1576659804 }
[2019-12-18 21:58:06]: [specialvalidation.py] [INFO] [147] {2019-12-21, 12:00:00, 20, 1576929600, Clouds, False, 1576607965, 1576659804 }
[2019-12-18 21:58:06]: [specialvalidation.py] [INFO] [147] {2019-12-21, 21:00:00, 20, 1576962000, Clouds, False, 1576607965, 1576659804 }
[2019-12-18 21:58:06]: [specialvalidation.py] [INFO] [147] {2019-12-22, 00:00:00, 22, 1576972800, Clouds, False, 1576607965, 1576659804 }
[2019-12-18 21:58:06]: [specialvalidation.py] [INFO] [147] {2019-12-22, 03:00:00, 22, 1576983600, Clouds, False, 1576607965, 1576659804 }
[2019-12-18 21:58:06]: [specialvalidation.py] [INFO] [147] {2019-12-22, 06:00:00, 20, 1576994400, Clouds, False, 1576607965, 1576659804 }
[2019-12-18 21:58:06]: [specialvalidation.py] [INFO] [147] {2019-12-23, 00:00:00, 20, 1577059200, Clouds, False, 1576607965, 1576659804 }
[2019-12-18 21:58:06]: [specialvalidation.py] [INFO] [147] {2019-12-23, 03:00:00, 22, 1577070000, Rain, False, 1576607965, 1576659804 }
[2019-12-18 21:58:06]: [specialvalidation.py] [INFO] [147] {2019-12-23, 06:00:00, 22, 1577080800, Clouds, False, 1576607965, 1576659804 }
[2019-12-18 21:58:06]: [specialvalidation.py] [INFO] [138] -------------------------------------------------------------------------------------------
[2019-12-18 21:58:06]: [specialvalidation.py] [INFO] [139] List of all above 20 degrees in the next 5 days(day to day). Total days is : 5
[2019-12-18 21:58:06]: [specialvalidation.py] [INFO] [147] {2019-12-18, 21:00:00, 24, 1576702800, Clear, False, 1576607965, 1576659804 }
[2019-12-18 21:58:06]: [specialvalidation.py] [INFO] [147] {2019-12-19, 03:00:00, 42, 1576713600, Clear, False, 1576607965, 1576659804 }
[2019-12-18 21:58:06]: [specialvalidation.py] [INFO] [147] {2019-12-20, 03:00:00, 27, 1576800000, Clouds, False, 1576607965, 1576659804 }
[2019-12-18 21:58:06]: [specialvalidation.py] [INFO] [147] {2019-12-21, 03:00:00, 42, 1576886400, Clouds, False, 1576607965, 1576659804 }
[2019-12-18 21:58:06]: [specialvalidation.py] [INFO] [147] {2019-12-22, 00:00:00, 22, 1576972800, Clouds, False, 1576607965, 1576659804 }
[2019-12-18 21:58:06]: [specialvalidation.py] [INFO] [147] {2019-12-23, 06:00:00, 22, 1577059200, Clouds, False, 1576607965, 1576659804 }
[2019-12-18 21:58:06]: [specialvalidation.py] [INFO] [138] -------------------------------------------------------------------------------------------
[2019-12-18 21:58:06]: [specialvalidation.py] [INFO] [139] List all days that are considered 'Sunny'. Total days is : 1
[2019-12-18 21:58:06]: [specialvalidation.py] [INFO] [147] {2019-12-18, 21:00:00, 24, 1576702800, Clear, False, 1576607965, 1576659804 }
[2019-12-18 21:58:06]: [test_cases.py] [INFO] [28] Cases Pass !
[2019-12-18 22:02:01]: [test_cases.py] [INFO] [15] -----------Get weather and forecasts------------------
[2019-12-18 22:02:01]: [test_cases.py] [INFO] [16] test
[2019-12-18 22:02:03]: [specialvalidation.py] [INFO] [132] -------------------------------------------------------------------------------------------
[2019-12-18 22:02:03]: [specialvalidation.py] [INFO] [133] List of all forecasts greater than 20 degrees in the next 5 days(hour / hour).
[2019-12-18 22:02:03]: [specialvalidation.py] [INFO] [141] {2019-12-18, 21:00:00, 24, 1576702800, Clear, False, 1576607965, 1576659804 }
[2019-12-18 22:02:03]: [specialvalidation.py] [INFO] [141] {2019-12-19, 00:00:00, 38, 1576713600, Clear, False, 1576607965, 1576659804 }
[2019-12-18 22:02:03]: [specialvalidation.py] [INFO] [141] {2019-12-19, 03:00:00, 42, 1576724400, Clouds, False, 1576607965, 1576659804 }
[2019-12-18 22:02:03]: [specialvalidation.py] [INFO] [141] {2019-12-19, 06:00:00, 27, 1576735200, Clouds, False, 1576607965, 1576659804 }
[2019-12-18 22:02:03]: [specialvalidation.py] [INFO] [141] {2019-12-19, 09:00:00, 21, 1576746000, Clear, False, 1576607965, 1576659804 }
[2019-12-18 22:02:03]: [specialvalidation.py] [INFO] [141] {2019-12-19, 21:00:00, 21, 1576789200, Clear, False, 1576607965, 1576659804 }
[2019-12-18 22:02:03]: [specialvalidation.py] [INFO] [141] {2019-12-20, 00:00:00, 25, 1576800000, Clouds, False, 1576607965, 1576659804 }
[2019-12-18 22:02:03]: [specialvalidation.py] [INFO] [141] {2019-12-20, 03:00:00, 27, 1576810800, Clear, False, 1576607965, 1576659804 }
[2019-12-18 22:02:03]: [specialvalidation.py] [INFO] [141] {2019-12-20, 06:00:00, 24, 1576821600, Clouds, False, 1576607965, 1576659804 }
[2019-12-18 22:02:03]: [specialvalidation.py] [INFO] [141] {2019-12-20, 09:00:00, 21, 1576832400, Clouds, False, 1576607965, 1576659804 }
[2019-12-18 22:02:03]: [specialvalidation.py] [INFO] [141] {2019-12-20, 15:00:00, 20, 1576854000, Clouds, False, 1576607965, 1576659804 }
[2019-12-18 22:02:03]: [specialvalidation.py] [INFO] [141] {2019-12-20, 18:00:00, 20, 1576864800, Clouds, False, 1576607965, 1576659804 }
[2019-12-18 22:02:03]: [specialvalidation.py] [INFO] [141] {2019-12-20, 21:00:00, 23, 1576875600, Clouds, False, 1576607965, 1576659804 }
[2019-12-18 22:02:03]: [specialvalidation.py] [INFO] [141] {2019-12-21, 00:00:00, 33, 1576886400, Clouds, False, 1576607965, 1576659804 }
[2019-12-18 22:02:03]: [specialvalidation.py] [INFO] [141] {2019-12-21, 03:00:00, 42, 1576897200, Clear, False, 1576607965, 1576659804 }
[2019-12-18 22:02:03]: [specialvalidation.py] [INFO] [141] {2019-12-21, 06:00:00, 40, 1576908000, Clouds, False, 1576607965, 1576659804 }
[2019-12-18 22:02:03]: [specialvalidation.py] [INFO] [141] {2019-12-21, 09:00:00, 22, 1576918800, Clouds, False, 1576607965, 1576659804 }
[2019-12-18 22:02:03]: [specialvalidation.py] [INFO] [141] {2019-12-21, 12:00:00, 20, 1576929600, Clouds, False, 1576607965, 1576659804 }
[2019-12-18 22:02:03]: [specialvalidation.py] [INFO] [141] {2019-12-21, 21:00:00, 20, 1576962000, Clouds, False, 1576607965, 1576659804 }
[2019-12-18 22:02:03]: [specialvalidation.py] [INFO] [141] {2019-12-22, 00:00:00, 22, 1576972800, Clouds, False, 1576607965, 1576659804 }
[2019-12-18 22:02:03]: [specialvalidation.py] [INFO] [141] {2019-12-22, 03:00:00, 22, 1576983600, Clouds, False, 1576607965, 1576659804 }
[2019-12-18 22:02:03]: [specialvalidation.py] [INFO] [141] {2019-12-22, 06:00:00, 20, 1576994400, Clouds, False, 1576607965, 1576659804 }
[2019-12-18 22:02:03]: [specialvalidation.py] [INFO] [141] {2019-12-23, 00:00:00, 20, 1577059200, Clouds, False, 1576607965, 1576659804 }
[2019-12-18 22:02:03]: [specialvalidation.py] [INFO] [141] {2019-12-23, 03:00:00, 22, 1577070000, Rain, False, 1576607965, 1576659804 }
[2019-12-18 22:02:03]: [specialvalidation.py] [INFO] [141] {2019-12-23, 06:00:00, 22, 1577080800, Clouds, False, 1576607965, 1576659804 }
[2019-12-18 22:02:03]: [specialvalidation.py] [INFO] [132] -------------------------------------------------------------------------------------------
[2019-12-18 22:02:03]: [specialvalidation.py] [INFO] [133] List of all above 20 degrees in the next 5 days(day to day). Total days is : 5
[2019-12-18 22:02:03]: [specialvalidation.py] [INFO] [141] {2019-12-18, 21:00:00, 24, 1576702800, Clear, False, 1576607965, 1576659804 }
[2019-12-18 22:02:03]: [specialvalidation.py] [INFO] [141] {2019-12-19, 03:00:00, 42, 1576713600, Clear, False, 1576607965, 1576659804 }
[2019-12-18 22:02:03]: [specialvalidation.py] [INFO] [141] {2019-12-20, 03:00:00, 27, 1576800000, Clouds, False, 1576607965, 1576659804 }
[2019-12-18 22:02:03]: [specialvalidation.py] [INFO] [141] {2019-12-21, 03:00:00, 42, 1576886400, Clouds, False, 1576607965, 1576659804 }
[2019-12-18 22:02:03]: [specialvalidation.py] [INFO] [141] {2019-12-22, 00:00:00, 22, 1576972800, Clouds, False, 1576607965, 1576659804 }
[2019-12-18 22:02:03]: [specialvalidation.py] [INFO] [141] {2019-12-23, 06:00:00, 22, 1577059200, Clouds, False, 1576607965, 1576659804 }
[2019-12-18 22:02:03]: [specialvalidation.py] [INFO] [132] -------------------------------------------------------------------------------------------
[2019-12-18 22:02:03]: [specialvalidation.py] [INFO] [133] List all days that are considered 'Sunny'. Total days is : 1
[2019-12-18 22:02:03]: [specialvalidation.py] [INFO] [141] {2019-12-18, 21:00:00, 24, 1576702800, Clear, False, 1576607965, 1576659804 }
[2019-12-18 22:02:03]: [test_cases.py] [INFO] [28] Cases Pass !
